<?xml version="1.0" encoding="UTF-8"?>
<testsuite xmlns:xsi="http://www.w3.org/2001/XMLSchema-instance" xsi:noNamespaceSchemaLocation="https://maven.apache.org/surefire/maven-surefire-plugin/xsd/surefire-test-report.xsd" name="ar.edu.iua.iw3.negocio.cargaNegocioTest" time="12.75" tests="2" errors="0" skipped="1" failures="0">
  <properties>
    <property name="sun.desktop" value="gnome"/>
    <property name="awt.toolkit" value="sun.awt.X11.XToolkit"/>
    <property name="java.specification.version" value="11"/>
    <property name="sun.cpu.isalist" value=""/>
    <property name="sun.jnu.encoding" value="UTF-8"/>
    <property name="java.class.path" value="/home/joel/Escritorio/copia_rama_pablo/TrabajoIntegradorIngWeb3/target/test-classes:/home/joel/Escritorio/copia_rama_pablo/TrabajoIntegradorIngWeb3/target/classes:/home/joel/.m2/repository/org/springframework/boot/spring-boot-starter-data-jpa/2.3.9.RELEASE/spring-boot-starter-data-jpa-2.3.9.RELEASE.jar:/home/joel/.m2/repository/org/springframework/boot/spring-boot-starter-aop/2.3.9.RELEASE/spring-boot-starter-aop-2.3.9.RELEASE.jar:/home/joel/.m2/repository/org/aspectj/aspectjweaver/1.9.6/aspectjweaver-1.9.6.jar:/home/joel/.m2/repository/org/springframework/boot/spring-boot-starter-jdbc/2.3.9.RELEASE/spring-boot-starter-jdbc-2.3.9.RELEASE.jar:/home/joel/.m2/repository/com/zaxxer/HikariCP/3.4.5/HikariCP-3.4.5.jar:/home/joel/.m2/repository/org/springframework/spring-jdbc/5.2.13.RELEASE/spring-jdbc-5.2.13.RELEASE.jar:/home/joel/.m2/repository/jakarta/transaction/jakarta.transaction-api/1.3.3/jakarta.transaction-api-1.3.3.jar:/home/joel/.m2/repository/jakarta/persistence/jakarta.persistence-api/2.2.3/jakarta.persistence-api-2.2.3.jar:/home/joel/.m2/repository/org/hibernate/hibernate-core/5.4.28.Final/hibernate-core-5.4.28.Final.jar:/home/joel/.m2/repository/org/jboss/logging/jboss-logging/3.4.1.Final/jboss-logging-3.4.1.Final.jar:/home/joel/.m2/repository/org/javassist/javassist/3.27.0-GA/javassist-3.27.0-GA.jar:/home/joel/.m2/repository/net/bytebuddy/byte-buddy/1.10.20/byte-buddy-1.10.20.jar:/home/joel/.m2/repository/antlr/antlr/2.7.7/antlr-2.7.7.jar:/home/joel/.m2/repository/org/jboss/jandex/2.2.3.Final/jandex-2.2.3.Final.jar:/home/joel/.m2/repository/org/dom4j/dom4j/2.1.3/dom4j-2.1.3.jar:/home/joel/.m2/repository/org/hibernate/common/hibernate-commons-annotations/5.1.2.Final/hibernate-commons-annotations-5.1.2.Final.jar:/home/joel/.m2/repository/org/glassfish/jaxb/jaxb-runtime/2.3.3/jaxb-runtime-2.3.3.jar:/home/joel/.m2/repository/org/glassfish/jaxb/txw2/2.3.3/txw2-2.3.3.jar:/home/joel/.m2/repository/com/sun/istack/istack-commons-runtime/3.0.11/istack-commons-runtime-3.0.11.jar:/home/joel/.m2/repository/org/springframework/data/spring-data-jpa/2.3.7.RELEASE/spring-data-jpa-2.3.7.RELEASE.jar:/home/joel/.m2/repository/org/springframework/data/spring-data-commons/2.3.7.RELEASE/spring-data-commons-2.3.7.RELEASE.jar:/home/joel/.m2/repository/org/springframework/spring-orm/5.2.13.RELEASE/spring-orm-5.2.13.RELEASE.jar:/home/joel/.m2/repository/org/springframework/spring-context/5.2.13.RELEASE/spring-context-5.2.13.RELEASE.jar:/home/joel/.m2/repository/org/springframework/spring-tx/5.2.13.RELEASE/spring-tx-5.2.13.RELEASE.jar:/home/joel/.m2/repository/org/springframework/spring-beans/5.2.13.RELEASE/spring-beans-5.2.13.RELEASE.jar:/home/joel/.m2/repository/org/springframework/spring-aspects/5.2.13.RELEASE/spring-aspects-5.2.13.RELEASE.jar:/home/joel/.m2/repository/org/springframework/boot/spring-boot-starter-web/2.3.9.RELEASE/spring-boot-starter-web-2.3.9.RELEASE.jar:/home/joel/.m2/repository/org/springframework/boot/spring-boot-starter/2.3.9.RELEASE/spring-boot-starter-2.3.9.RELEASE.jar:/home/joel/.m2/repository/org/springframework/boot/spring-boot/2.3.9.RELEASE/spring-boot-2.3.9.RELEASE.jar:/home/joel/.m2/repository/org/springframework/boot/spring-boot-autoconfigure/2.3.9.RELEASE/spring-boot-autoconfigure-2.3.9.RELEASE.jar:/home/joel/.m2/repository/org/springframework/boot/spring-boot-starter-logging/2.3.9.RELEASE/spring-boot-starter-logging-2.3.9.RELEASE.jar:/home/joel/.m2/repository/ch/qos/logback/logback-classic/1.2.3/logback-classic-1.2.3.jar:/home/joel/.m2/repository/ch/qos/logback/logback-core/1.2.3/logback-core-1.2.3.jar:/home/joel/.m2/repository/org/apache/logging/log4j/log4j-to-slf4j/2.13.3/log4j-to-slf4j-2.13.3.jar:/home/joel/.m2/repository/org/apache/logging/log4j/log4j-api/2.13.3/log4j-api-2.13.3.jar:/home/joel/.m2/repository/org/slf4j/jul-to-slf4j/1.7.30/jul-to-slf4j-1.7.30.jar:/home/joel/.m2/repository/org/yaml/snakeyaml/1.26/snakeyaml-1.26.jar:/home/joel/.m2/repository/org/springframework/boot/spring-boot-starter-json/2.3.9.RELEASE/spring-boot-starter-json-2.3.9.RELEASE.jar:/home/joel/.m2/repository/com/fasterxml/jackson/core/jackson-databind/2.11.4/jackson-databind-2.11.4.jar:/home/joel/.m2/repository/com/fasterxml/jackson/core/jackson-core/2.11.4/jackson-core-2.11.4.jar:/home/joel/.m2/repository/com/fasterxml/jackson/datatype/jackson-datatype-jdk8/2.11.4/jackson-datatype-jdk8-2.11.4.jar:/home/joel/.m2/repository/com/fasterxml/jackson/datatype/jackson-datatype-jsr310/2.11.4/jackson-datatype-jsr310-2.11.4.jar:/home/joel/.m2/repository/com/fasterxml/jackson/module/jackson-module-parameter-names/2.11.4/jackson-module-parameter-names-2.11.4.jar:/home/joel/.m2/repository/org/springframework/spring-web/5.2.13.RELEASE/spring-web-5.2.13.RELEASE.jar:/home/joel/.m2/repository/org/springframework/spring-webmvc/5.2.13.RELEASE/spring-webmvc-5.2.13.RELEASE.jar:/home/joel/.m2/repository/org/springframework/spring-expression/5.2.13.RELEASE/spring-expression-5.2.13.RELEASE.jar:/home/joel/.m2/repository/com/h2database/h2/1.4.200/h2-1.4.200.jar:/home/joel/.m2/repository/org/springframework/boot/spring-boot-starter-test/2.3.9.RELEASE/spring-boot-starter-test-2.3.9.RELEASE.jar:/home/joel/.m2/repository/org/springframework/boot/spring-boot-test/2.3.9.RELEASE/spring-boot-test-2.3.9.RELEASE.jar:/home/joel/.m2/repository/org/springframework/boot/spring-boot-test-autoconfigure/2.3.9.RELEASE/spring-boot-test-autoconfigure-2.3.9.RELEASE.jar:/home/joel/.m2/repository/com/jayway/jsonpath/json-path/2.4.0/json-path-2.4.0.jar:/home/joel/.m2/repository/net/minidev/json-smart/2.3/json-smart-2.3.jar:/home/joel/.m2/repository/net/minidev/accessors-smart/1.2/accessors-smart-1.2.jar:/home/joel/.m2/repository/org/ow2/asm/asm/5.0.4/asm-5.0.4.jar:/home/joel/.m2/repository/jakarta/xml/bind/jakarta.xml.bind-api/2.3.3/jakarta.xml.bind-api-2.3.3.jar:/home/joel/.m2/repository/jakarta/activation/jakarta.activation-api/1.2.2/jakarta.activation-api-1.2.2.jar:/home/joel/.m2/repository/org/assertj/assertj-core/3.16.1/assertj-core-3.16.1.jar:/home/joel/.m2/repository/org/hamcrest/hamcrest/2.2/hamcrest-2.2.jar:/home/joel/.m2/repository/org/junit/jupiter/junit-jupiter/5.6.3/junit-jupiter-5.6.3.jar:/home/joel/.m2/repository/org/junit/jupiter/junit-jupiter-params/5.6.3/junit-jupiter-params-5.6.3.jar:/home/joel/.m2/repository/org/junit/vintage/junit-vintage-engine/5.6.3/junit-vintage-engine-5.6.3.jar:/home/joel/.m2/repository/org/mockito/mockito-core/3.3.3/mockito-core-3.3.3.jar:/home/joel/.m2/repository/net/bytebuddy/byte-buddy-agent/1.10.20/byte-buddy-agent-1.10.20.jar:/home/joel/.m2/repository/org/objenesis/objenesis/2.6/objenesis-2.6.jar:/home/joel/.m2/repository/org/mockito/mockito-junit-jupiter/3.3.3/mockito-junit-jupiter-3.3.3.jar:/home/joel/.m2/repository/org/skyscreamer/jsonassert/1.5.0/jsonassert-1.5.0.jar:/home/joel/.m2/repository/com/vaadin/external/google/android-json/0.0.20131108.vaadin1/android-json-0.0.20131108.vaadin1.jar:/home/joel/.m2/repository/org/springframework/spring-core/5.2.13.RELEASE/spring-core-5.2.13.RELEASE.jar:/home/joel/.m2/repository/org/springframework/spring-jcl/5.2.13.RELEASE/spring-jcl-5.2.13.RELEASE.jar:/home/joel/.m2/repository/org/springframework/spring-test/5.2.13.RELEASE/spring-test-5.2.13.RELEASE.jar:/home/joel/.m2/repository/org/xmlunit/xmlunit-core/2.7.0/xmlunit-core-2.7.0.jar:/home/joel/.m2/repository/org/json/json/20210307/json-20210307.jar:/home/joel/.m2/repository/org/springframework/boot/spring-boot-starter-tomcat/2.3.9.RELEASE/spring-boot-starter-tomcat-2.3.9.RELEASE.jar:/home/joel/.m2/repository/jakarta/annotation/jakarta.annotation-api/1.3.5/jakarta.annotation-api-1.3.5.jar:/home/joel/.m2/repository/org/apache/tomcat/embed/tomcat-embed-core/9.0.43/tomcat-embed-core-9.0.43.jar:/home/joel/.m2/repository/org/glassfish/jakarta.el/3.0.3/jakarta.el-3.0.3.jar:/home/joel/.m2/repository/org/apache/tomcat/embed/tomcat-embed-websocket/9.0.43/tomcat-embed-websocket-9.0.43.jar:/home/joel/.m2/repository/mysql/mysql-connector-java/8.0.23/mysql-connector-java-8.0.23.jar:/home/joel/.m2/repository/org/springframework/boot/spring-boot-starter-security/2.3.9.RELEASE/spring-boot-starter-security-2.3.9.RELEASE.jar:/home/joel/.m2/repository/org/springframework/spring-aop/5.2.13.RELEASE/spring-aop-5.2.13.RELEASE.jar:/home/joel/.m2/repository/org/springframework/security/spring-security-config/5.3.8.RELEASE/spring-security-config-5.3.8.RELEASE.jar:/home/joel/.m2/repository/org/springframework/security/spring-security-core/5.3.8.RELEASE/spring-security-core-5.3.8.RELEASE.jar:/home/joel/.m2/repository/org/springframework/security/spring-security-web/5.3.8.RELEASE/spring-security-web-5.3.8.RELEASE.jar:/home/joel/.m2/repository/org/springframework/boot/spring-boot-starter-mail/2.3.9.RELEASE/spring-boot-starter-mail-2.3.9.RELEASE.jar:/home/joel/.m2/repository/org/springframework/spring-context-support/5.2.13.RELEASE/spring-context-support-5.2.13.RELEASE.jar:/home/joel/.m2/repository/com/sun/mail/jakarta.mail/1.6.5/jakarta.mail-1.6.5.jar:/home/joel/.m2/repository/com/sun/activation/jakarta.activation/1.2.2/jakarta.activation-1.2.2.jar:/home/joel/.m2/repository/io/springfox/springfox-swagger2/2.9.2/springfox-swagger2-2.9.2.jar:/home/joel/.m2/repository/io/swagger/swagger-annotations/1.5.20/swagger-annotations-1.5.20.jar:/home/joel/.m2/repository/io/swagger/swagger-models/1.5.20/swagger-models-1.5.20.jar:/home/joel/.m2/repository/com/fasterxml/jackson/core/jackson-annotations/2.11.4/jackson-annotations-2.11.4.jar:/home/joel/.m2/repository/io/springfox/springfox-spi/2.9.2/springfox-spi-2.9.2.jar:/home/joel/.m2/repository/io/springfox/springfox-core/2.9.2/springfox-core-2.9.2.jar:/home/joel/.m2/repository/io/springfox/springfox-schema/2.9.2/springfox-schema-2.9.2.jar:/home/joel/.m2/repository/io/springfox/springfox-swagger-common/2.9.2/springfox-swagger-common-2.9.2.jar:/home/joel/.m2/repository/io/springfox/springfox-spring-web/2.9.2/springfox-spring-web-2.9.2.jar:/home/joel/.m2/repository/com/google/guava/guava/20.0/guava-20.0.jar:/home/joel/.m2/repository/com/fasterxml/classmate/1.5.1/classmate-1.5.1.jar:/home/joel/.m2/repository/org/slf4j/slf4j-api/1.7.30/slf4j-api-1.7.30.jar:/home/joel/.m2/repository/org/springframework/plugin/spring-plugin-core/1.2.0.RELEASE/spring-plugin-core-1.2.0.RELEASE.jar:/home/joel/.m2/repository/org/springframework/plugin/spring-plugin-metadata/1.2.0.RELEASE/spring-plugin-metadata-1.2.0.RELEASE.jar:/home/joel/.m2/repository/org/mapstruct/mapstruct/1.2.0.Final/mapstruct-1.2.0.Final.jar:/home/joel/.m2/repository/io/springfox/springfox-swagger-ui/2.9.2/springfox-swagger-ui-2.9.2.jar:/home/joel/.m2/repository/org/junit/jupiter/junit-jupiter-engine/5.3.2/junit-jupiter-engine-5.3.2.jar:/home/joel/.m2/repository/org/apiguardian/apiguardian-api/1.0.0/apiguardian-api-1.0.0.jar:/home/joel/.m2/repository/org/junit/platform/junit-platform-engine/1.6.3/junit-platform-engine-1.6.3.jar:/home/joel/.m2/repository/org/opentest4j/opentest4j/1.2.0/opentest4j-1.2.0.jar:/home/joel/.m2/repository/org/junit/platform/junit-platform-commons/1.6.3/junit-platform-commons-1.6.3.jar:/home/joel/.m2/repository/org/junit/jupiter/junit-jupiter-api/5.6.3/junit-jupiter-api-5.6.3.jar:/home/joel/.m2/repository/org/mockito/mockito-all/1.9.5/mockito-all-1.9.5.jar:/home/joel/.m2/repository/junit/junit/4.12/junit-4.12.jar:/home/joel/.m2/repository/org/hamcrest/hamcrest-core/2.2/hamcrest-core-2.2.jar:"/>
    <property name="java.vm.vendor" value="Amazon.com Inc."/>
    <property name="sun.arch.data.model" value="64"/>
    <property name="java.vendor.url" value="https://aws.amazon.com/corretto/"/>
    <property name="user.timezone" value=""/>
    <property name="java.vm.specification.version" value="11"/>
    <property name="os.name" value="Linux"/>
    <property name="sun.java.launcher" value="SUN_STANDARD"/>
    <property name="user.country" value="AR"/>
    <property name="sun.boot.library.path" value="/usr/lib/jvm/java-11-amazon-corretto/lib"/>
    <property name="sun.java.command" value="/home/joel/Escritorio/copia_rama_pablo/TrabajoIntegradorIngWeb3/target/surefire/surefirebooter5107834131768208409.jar /home/joel/Escritorio/copia_rama_pablo/TrabajoIntegradorIngWeb3/target/surefire 2022-01-20T19-36-28_927-jvmRun1 surefire7134988139955562138tmp surefire_09209157615290723273tmp"/>
    <property name="jdk.debug" value="release"/>
    <property name="surefire.test.class.path" value="/home/joel/Escritorio/copia_rama_pablo/TrabajoIntegradorIngWeb3/target/test-classes:/home/joel/Escritorio/copia_rama_pablo/TrabajoIntegradorIngWeb3/target/classes:/home/joel/.m2/repository/org/springframework/boot/spring-boot-starter-data-jpa/2.3.9.RELEASE/spring-boot-starter-data-jpa-2.3.9.RELEASE.jar:/home/joel/.m2/repository/org/springframework/boot/spring-boot-starter-aop/2.3.9.RELEASE/spring-boot-starter-aop-2.3.9.RELEASE.jar:/home/joel/.m2/repository/org/aspectj/aspectjweaver/1.9.6/aspectjweaver-1.9.6.jar:/home/joel/.m2/repository/org/springframework/boot/spring-boot-starter-jdbc/2.3.9.RELEASE/spring-boot-starter-jdbc-2.3.9.RELEASE.jar:/home/joel/.m2/repository/com/zaxxer/HikariCP/3.4.5/HikariCP-3.4.5.jar:/home/joel/.m2/repository/org/springframework/spring-jdbc/5.2.13.RELEASE/spring-jdbc-5.2.13.RELEASE.jar:/home/joel/.m2/repository/jakarta/transaction/jakarta.transaction-api/1.3.3/jakarta.transaction-api-1.3.3.jar:/home/joel/.m2/repository/jakarta/persistence/jakarta.persistence-api/2.2.3/jakarta.persistence-api-2.2.3.jar:/home/joel/.m2/repository/org/hibernate/hibernate-core/5.4.28.Final/hibernate-core-5.4.28.Final.jar:/home/joel/.m2/repository/org/jboss/logging/jboss-logging/3.4.1.Final/jboss-logging-3.4.1.Final.jar:/home/joel/.m2/repository/org/javassist/javassist/3.27.0-GA/javassist-3.27.0-GA.jar:/home/joel/.m2/repository/net/bytebuddy/byte-buddy/1.10.20/byte-buddy-1.10.20.jar:/home/joel/.m2/repository/antlr/antlr/2.7.7/antlr-2.7.7.jar:/home/joel/.m2/repository/org/jboss/jandex/2.2.3.Final/jandex-2.2.3.Final.jar:/home/joel/.m2/repository/org/dom4j/dom4j/2.1.3/dom4j-2.1.3.jar:/home/joel/.m2/repository/org/hibernate/common/hibernate-commons-annotations/5.1.2.Final/hibernate-commons-annotations-5.1.2.Final.jar:/home/joel/.m2/repository/org/glassfish/jaxb/jaxb-runtime/2.3.3/jaxb-runtime-2.3.3.jar:/home/joel/.m2/repository/org/glassfish/jaxb/txw2/2.3.3/txw2-2.3.3.jar:/home/joel/.m2/repository/com/sun/istack/istack-commons-runtime/3.0.11/istack-commons-runtime-3.0.11.jar:/home/joel/.m2/repository/org/springframework/data/spring-data-jpa/2.3.7.RELEASE/spring-data-jpa-2.3.7.RELEASE.jar:/home/joel/.m2/repository/org/springframework/data/spring-data-commons/2.3.7.RELEASE/spring-data-commons-2.3.7.RELEASE.jar:/home/joel/.m2/repository/org/springframework/spring-orm/5.2.13.RELEASE/spring-orm-5.2.13.RELEASE.jar:/home/joel/.m2/repository/org/springframework/spring-context/5.2.13.RELEASE/spring-context-5.2.13.RELEASE.jar:/home/joel/.m2/repository/org/springframework/spring-tx/5.2.13.RELEASE/spring-tx-5.2.13.RELEASE.jar:/home/joel/.m2/repository/org/springframework/spring-beans/5.2.13.RELEASE/spring-beans-5.2.13.RELEASE.jar:/home/joel/.m2/repository/org/springframework/spring-aspects/5.2.13.RELEASE/spring-aspects-5.2.13.RELEASE.jar:/home/joel/.m2/repository/org/springframework/boot/spring-boot-starter-web/2.3.9.RELEASE/spring-boot-starter-web-2.3.9.RELEASE.jar:/home/joel/.m2/repository/org/springframework/boot/spring-boot-starter/2.3.9.RELEASE/spring-boot-starter-2.3.9.RELEASE.jar:/home/joel/.m2/repository/org/springframework/boot/spring-boot/2.3.9.RELEASE/spring-boot-2.3.9.RELEASE.jar:/home/joel/.m2/repository/org/springframework/boot/spring-boot-autoconfigure/2.3.9.RELEASE/spring-boot-autoconfigure-2.3.9.RELEASE.jar:/home/joel/.m2/repository/org/springframework/boot/spring-boot-starter-logging/2.3.9.RELEASE/spring-boot-starter-logging-2.3.9.RELEASE.jar:/home/joel/.m2/repository/ch/qos/logback/logback-classic/1.2.3/logback-classic-1.2.3.jar:/home/joel/.m2/repository/ch/qos/logback/logback-core/1.2.3/logback-core-1.2.3.jar:/home/joel/.m2/repository/org/apache/logging/log4j/log4j-to-slf4j/2.13.3/log4j-to-slf4j-2.13.3.jar:/home/joel/.m2/repository/org/apache/logging/log4j/log4j-api/2.13.3/log4j-api-2.13.3.jar:/home/joel/.m2/repository/org/slf4j/jul-to-slf4j/1.7.30/jul-to-slf4j-1.7.30.jar:/home/joel/.m2/repository/org/yaml/snakeyaml/1.26/snakeyaml-1.26.jar:/home/joel/.m2/repository/org/springframework/boot/spring-boot-starter-json/2.3.9.RELEASE/spring-boot-starter-json-2.3.9.RELEASE.jar:/home/joel/.m2/repository/com/fasterxml/jackson/core/jackson-databind/2.11.4/jackson-databind-2.11.4.jar:/home/joel/.m2/repository/com/fasterxml/jackson/core/jackson-core/2.11.4/jackson-core-2.11.4.jar:/home/joel/.m2/repository/com/fasterxml/jackson/datatype/jackson-datatype-jdk8/2.11.4/jackson-datatype-jdk8-2.11.4.jar:/home/joel/.m2/repository/com/fasterxml/jackson/datatype/jackson-datatype-jsr310/2.11.4/jackson-datatype-jsr310-2.11.4.jar:/home/joel/.m2/repository/com/fasterxml/jackson/module/jackson-module-parameter-names/2.11.4/jackson-module-parameter-names-2.11.4.jar:/home/joel/.m2/repository/org/springframework/spring-web/5.2.13.RELEASE/spring-web-5.2.13.RELEASE.jar:/home/joel/.m2/repository/org/springframework/spring-webmvc/5.2.13.RELEASE/spring-webmvc-5.2.13.RELEASE.jar:/home/joel/.m2/repository/org/springframework/spring-expression/5.2.13.RELEASE/spring-expression-5.2.13.RELEASE.jar:/home/joel/.m2/repository/com/h2database/h2/1.4.200/h2-1.4.200.jar:/home/joel/.m2/repository/org/springframework/boot/spring-boot-starter-test/2.3.9.RELEASE/spring-boot-starter-test-2.3.9.RELEASE.jar:/home/joel/.m2/repository/org/springframework/boot/spring-boot-test/2.3.9.RELEASE/spring-boot-test-2.3.9.RELEASE.jar:/home/joel/.m2/repository/org/springframework/boot/spring-boot-test-autoconfigure/2.3.9.RELEASE/spring-boot-test-autoconfigure-2.3.9.RELEASE.jar:/home/joel/.m2/repository/com/jayway/jsonpath/json-path/2.4.0/json-path-2.4.0.jar:/home/joel/.m2/repository/net/minidev/json-smart/2.3/json-smart-2.3.jar:/home/joel/.m2/repository/net/minidev/accessors-smart/1.2/accessors-smart-1.2.jar:/home/joel/.m2/repository/org/ow2/asm/asm/5.0.4/asm-5.0.4.jar:/home/joel/.m2/repository/jakarta/xml/bind/jakarta.xml.bind-api/2.3.3/jakarta.xml.bind-api-2.3.3.jar:/home/joel/.m2/repository/jakarta/activation/jakarta.activation-api/1.2.2/jakarta.activation-api-1.2.2.jar:/home/joel/.m2/repository/org/assertj/assertj-core/3.16.1/assertj-core-3.16.1.jar:/home/joel/.m2/repository/org/hamcrest/hamcrest/2.2/hamcrest-2.2.jar:/home/joel/.m2/repository/org/junit/jupiter/junit-jupiter/5.6.3/junit-jupiter-5.6.3.jar:/home/joel/.m2/repository/org/junit/jupiter/junit-jupiter-params/5.6.3/junit-jupiter-params-5.6.3.jar:/home/joel/.m2/repository/org/junit/vintage/junit-vintage-engine/5.6.3/junit-vintage-engine-5.6.3.jar:/home/joel/.m2/repository/org/mockito/mockito-core/3.3.3/mockito-core-3.3.3.jar:/home/joel/.m2/repository/net/bytebuddy/byte-buddy-agent/1.10.20/byte-buddy-agent-1.10.20.jar:/home/joel/.m2/repository/org/objenesis/objenesis/2.6/objenesis-2.6.jar:/home/joel/.m2/repository/org/mockito/mockito-junit-jupiter/3.3.3/mockito-junit-jupiter-3.3.3.jar:/home/joel/.m2/repository/org/skyscreamer/jsonassert/1.5.0/jsonassert-1.5.0.jar:/home/joel/.m2/repository/com/vaadin/external/google/android-json/0.0.20131108.vaadin1/android-json-0.0.20131108.vaadin1.jar:/home/joel/.m2/repository/org/springframework/spring-core/5.2.13.RELEASE/spring-core-5.2.13.RELEASE.jar:/home/joel/.m2/repository/org/springframework/spring-jcl/5.2.13.RELEASE/spring-jcl-5.2.13.RELEASE.jar:/home/joel/.m2/repository/org/springframework/spring-test/5.2.13.RELEASE/spring-test-5.2.13.RELEASE.jar:/home/joel/.m2/repository/org/xmlunit/xmlunit-core/2.7.0/xmlunit-core-2.7.0.jar:/home/joel/.m2/repository/org/json/json/20210307/json-20210307.jar:/home/joel/.m2/repository/org/springframework/boot/spring-boot-starter-tomcat/2.3.9.RELEASE/spring-boot-starter-tomcat-2.3.9.RELEASE.jar:/home/joel/.m2/repository/jakarta/annotation/jakarta.annotation-api/1.3.5/jakarta.annotation-api-1.3.5.jar:/home/joel/.m2/repository/org/apache/tomcat/embed/tomcat-embed-core/9.0.43/tomcat-embed-core-9.0.43.jar:/home/joel/.m2/repository/org/glassfish/jakarta.el/3.0.3/jakarta.el-3.0.3.jar:/home/joel/.m2/repository/org/apache/tomcat/embed/tomcat-embed-websocket/9.0.43/tomcat-embed-websocket-9.0.43.jar:/home/joel/.m2/repository/mysql/mysql-connector-java/8.0.23/mysql-connector-java-8.0.23.jar:/home/joel/.m2/repository/org/springframework/boot/spring-boot-starter-security/2.3.9.RELEASE/spring-boot-starter-security-2.3.9.RELEASE.jar:/home/joel/.m2/repository/org/springframework/spring-aop/5.2.13.RELEASE/spring-aop-5.2.13.RELEASE.jar:/home/joel/.m2/repository/org/springframework/security/spring-security-config/5.3.8.RELEASE/spring-security-config-5.3.8.RELEASE.jar:/home/joel/.m2/repository/org/springframework/security/spring-security-core/5.3.8.RELEASE/spring-security-core-5.3.8.RELEASE.jar:/home/joel/.m2/repository/org/springframework/security/spring-security-web/5.3.8.RELEASE/spring-security-web-5.3.8.RELEASE.jar:/home/joel/.m2/repository/org/springframework/boot/spring-boot-starter-mail/2.3.9.RELEASE/spring-boot-starter-mail-2.3.9.RELEASE.jar:/home/joel/.m2/repository/org/springframework/spring-context-support/5.2.13.RELEASE/spring-context-support-5.2.13.RELEASE.jar:/home/joel/.m2/repository/com/sun/mail/jakarta.mail/1.6.5/jakarta.mail-1.6.5.jar:/home/joel/.m2/repository/com/sun/activation/jakarta.activation/1.2.2/jakarta.activation-1.2.2.jar:/home/joel/.m2/repository/io/springfox/springfox-swagger2/2.9.2/springfox-swagger2-2.9.2.jar:/home/joel/.m2/repository/io/swagger/swagger-annotations/1.5.20/swagger-annotations-1.5.20.jar:/home/joel/.m2/repository/io/swagger/swagger-models/1.5.20/swagger-models-1.5.20.jar:/home/joel/.m2/repository/com/fasterxml/jackson/core/jackson-annotations/2.11.4/jackson-annotations-2.11.4.jar:/home/joel/.m2/repository/io/springfox/springfox-spi/2.9.2/springfox-spi-2.9.2.jar:/home/joel/.m2/repository/io/springfox/springfox-core/2.9.2/springfox-core-2.9.2.jar:/home/joel/.m2/repository/io/springfox/springfox-schema/2.9.2/springfox-schema-2.9.2.jar:/home/joel/.m2/repository/io/springfox/springfox-swagger-common/2.9.2/springfox-swagger-common-2.9.2.jar:/home/joel/.m2/repository/io/springfox/springfox-spring-web/2.9.2/springfox-spring-web-2.9.2.jar:/home/joel/.m2/repository/com/google/guava/guava/20.0/guava-20.0.jar:/home/joel/.m2/repository/com/fasterxml/classmate/1.5.1/classmate-1.5.1.jar:/home/joel/.m2/repository/org/slf4j/slf4j-api/1.7.30/slf4j-api-1.7.30.jar:/home/joel/.m2/repository/org/springframework/plugin/spring-plugin-core/1.2.0.RELEASE/spring-plugin-core-1.2.0.RELEASE.jar:/home/joel/.m2/repository/org/springframework/plugin/spring-plugin-metadata/1.2.0.RELEASE/spring-plugin-metadata-1.2.0.RELEASE.jar:/home/joel/.m2/repository/org/mapstruct/mapstruct/1.2.0.Final/mapstruct-1.2.0.Final.jar:/home/joel/.m2/repository/io/springfox/springfox-swagger-ui/2.9.2/springfox-swagger-ui-2.9.2.jar:/home/joel/.m2/repository/org/junit/jupiter/junit-jupiter-engine/5.3.2/junit-jupiter-engine-5.3.2.jar:/home/joel/.m2/repository/org/apiguardian/apiguardian-api/1.0.0/apiguardian-api-1.0.0.jar:/home/joel/.m2/repository/org/junit/platform/junit-platform-engine/1.6.3/junit-platform-engine-1.6.3.jar:/home/joel/.m2/repository/org/opentest4j/opentest4j/1.2.0/opentest4j-1.2.0.jar:/home/joel/.m2/repository/org/junit/platform/junit-platform-commons/1.6.3/junit-platform-commons-1.6.3.jar:/home/joel/.m2/repository/org/junit/jupiter/junit-jupiter-api/5.6.3/junit-jupiter-api-5.6.3.jar:/home/joel/.m2/repository/org/mockito/mockito-all/1.9.5/mockito-all-1.9.5.jar:/home/joel/.m2/repository/junit/junit/4.12/junit-4.12.jar:/home/joel/.m2/repository/org/hamcrest/hamcrest-core/2.2/hamcrest-core-2.2.jar:"/>
    <property name="sun.cpu.endian" value="little"/>
    <property name="user.home" value="/home/joel"/>
    <property name="user.language" value="es"/>
    <property name="java.specification.vendor" value="Oracle Corporation"/>
    <property name="java.version.date" value="2021-10-19"/>
    <property name="java.home" value="/usr/lib/jvm/java-11-amazon-corretto"/>
    <property name="file.separator" value="/"/>
    <property name="basedir" value="/home/joel/Escritorio/copia_rama_pablo/TrabajoIntegradorIngWeb3"/>
    <property name="java.vm.compressedOopsMode" value="32-bit"/>
    <property name="line.separator" value="&#10;"/>
    <property name="java.specification.name" value="Java Platform API Specification"/>
    <property name="java.vm.specification.vendor" value="Oracle Corporation"/>
    <property name="java.awt.graphicsenv" value="sun.awt.X11GraphicsEnvironment"/>
    <property name="surefire.real.class.path" value="/home/joel/Escritorio/copia_rama_pablo/TrabajoIntegradorIngWeb3/target/surefire/surefirebooter5107834131768208409.jar"/>
    <property name="sun.management.compiler" value="HotSpot 64-Bit Tiered Compilers"/>
    <property name="java.runtime.version" value="11.0.13+8-LTS"/>
    <property name="user.name" value="joel"/>
    <property name="path.separator" value=":"/>
    <property name="os.version" value="5.11.0-46-generic"/>
    <property name="java.runtime.name" value="OpenJDK Runtime Environment"/>
    <property name="file.encoding" value="UTF-8"/>
    <property name="java.vm.name" value="OpenJDK 64-Bit Server VM"/>
    <property name="java.vendor.version" value="Corretto-11.0.13.8.1"/>
    <property name="localRepository" value="/home/joel/.m2/repository"/>
    <property name="java.vendor.url.bug" value="https://github.com/corretto/corretto-11/issues/"/>
    <property name="java.io.tmpdir" value="/tmp"/>
    <property name="java.version" value="11.0.13"/>
    <property name="user.dir" value="/home/joel/Escritorio/copia_rama_pablo/TrabajoIntegradorIngWeb3"/>
    <property name="os.arch" value="amd64"/>
    <property name="java.vm.specification.name" value="Java Virtual Machine Specification"/>
    <property name="java.awt.printerjob" value="sun.print.PSPrinterJob"/>
    <property name="sun.os.patch.level" value="unknown"/>
    <property name="java.library.path" value="/usr/java/packages/lib:/usr/lib64:/lib64:/lib:/usr/lib"/>
    <property name="java.vm.info" value="mixed mode"/>
    <property name="java.vendor" value="Amazon.com Inc."/>
    <property name="java.vm.version" value="11.0.13+8-LTS"/>
    <property name="sun.io.unicode.encoding" value="UnicodeLittle"/>
    <property name="java.class.version" value="55.0"/>
  </properties>
  <testcase name="testLoadSuccess2" classname="ar.edu.iua.iw3.negocio.cargaNegocioTest" time="0.048"/>
  <testcase name="testLoadSuccess3" classname="ar.edu.iua.iw3.negocio.cargaNegocioTest" time="0">
    <skipped/>
  </testcase>
</testsuite>